<?xml version="1.0" encoding="UTF-8"?>
<testng-results ignored="0" total="1" passed="1" failed="0" skipped="0">
  <reporter-output>
  </reporter-output>
  <suite started-at="2022-11-12T12:50:50 IST" name="Default suite" finished-at="2022-11-12T12:50:54 IST" duration-ms="3813">
    <groups>
    </groups>
    <test started-at="2022-11-12T12:50:50 IST" name="Default test" finished-at="2022-11-12T12:50:54 IST" duration-ms="3813">
      <class name="testCases.TC_001Jenkin">
        <test-method signature="testcase()[pri:0, instance:testCases.TC_001Jenkin@6b8ca3c8]" started-at="2022-11-12T12:50:50 IST" name="testcase" finished-at="2022-11-12T12:50:54 IST" duration-ms="3752" status="PASS">
          <reporter-output>
          </reporter-output>
        </test-method> <!-- testcase -->
      </class> <!-- testCases.TC_001Jenkin -->
    </test> <!-- Default test -->
  </suite> <!-- Default suite -->
</testng-results>
